# JRE version: OpenJDK Runtime Environment GraalVM CE 22.3.0 (17.0.5+8) (build 17.0.5+8-jvmci-22.3-b08)
# Java VM: OpenJDK 64-Bit Server VM GraalVM CE 22.3.0 (17.0.5+8-jvmci-22.3-b08, mixed mode, sharing, tiered, jvmci, jvmci compiler, compressed oops, compressed class ptrs, parallel gc, linux-amd64)
GC Precious Log:
 CPUs: 8 total, 1 available
 Memory: 1024M
 Large Page Support: Disabled
 NUMA Support: Disabled
 Compressed Oops: Enabled (32-bit)
 Alignments: Space 512K, Generation 512K, Heap 2M
 Heap Min Capacity: 100M
 Heap Initial Capacity: 100M
 Heap Max Capacity: 512M
 Pre-touch: Disabled
 Parallel Workers: 1
Heap:
 PSYoungGen      total 52224K, used 30720K [0x00000000f5580000, 0x00000000f9f00000, 0x0000000100000000)
  eden space 30720K, 100% used [0x00000000f5580000,0x00000000f7380000,0x00000000f7380000)
  from space 21504K, 0% used [0x00000000f8880000,0x00000000f8880000,0x00000000f9d80000)
  to   space 21504K, 0% used [0x00000000f7380000,0x00000000f7380000,0x00000000f8880000)
 ParOldGen       total 349696K, used 349693K [0x00000000e0000000, 0x00000000f5580000, 0x00000000f5580000)
  object space 349696K, 99% used [0x00000000e0000000,0x00000000f557f6a8,0x00000000f5580000)
 Metaspace       used 59275K, committed 60480K, reserved 1105920K
  class space    used 5865K, committed 6400K, reserved 1048576K
GC Heap History (20 events):
Event: 741.743 GC heap before
{Heap before GC invocations=507 (full 424):
 PSYoungGen      total 52224K, used 30720K [0x00000000f5580000, 0x00000000f9f00000, 0x0000000100000000)
  eden space 30720K, 100% used [0x00000000f5580000,0x00000000f7380000,0x00000000f7380000)
  from space 21504K, 0% used [0x00000000f8880000,0x00000000f8880000,0x00000000f9d80000)
  to   space 21504K, 0% used [0x00000000f7380000,0x00000000f7380000,0x00000000f8880000)
 ParOldGen       total 349696K, used 349693K [0x00000000e0000000, 0x00000000f5580000, 0x00000000f5580000)
  object space 349696K, 99% used [0x00000000e0000000,0x00000000f557f450,0x00000000f5580000)
 Metaspace       used 59275K, committed 60480K, reserved 1105920K
  class space    used 5865K, committed 6400K, reserved 1048576K
}
Event: 743.158 GC heap after
{Heap after GC invocations=507 (full 424):
 PSYoungGen      total 52224K, used 30720K [0x00000000f5580000, 0x00000000f9f00000, 0x0000000100000000)
  eden space 30720K, 100% used [0x00000000f5580000,0x00000000f7380000,0x00000000f7380000)
  from space 21504K, 0% used [0x00000000f7380000,0x00000000f7380000,0x00000000f8880000)
  to   space 21504K, 0% used [0x00000000f8880000,0x00000000f8880000,0x00000000f9d80000)
 ParOldGen       total 349696K, used 349693K [0x00000000e0000000, 0x00000000f5580000, 0x00000000f5580000)
  object space 349696K, 99% used [0x00000000e0000000,0x00000000f557f450,0x00000000f5580000)
 Metaspace       used 59275K, committed 60480K, reserved 1105920K
  class space    used 5865K, committed 6400K, reserved 1048576K
}
Event: 743.161 GC heap before
{Heap before GC invocations=508 (full 425):
 PSYoungGen      total 52224K, used 30720K [0x00000000f5580000, 0x00000000f9f00000, 0x0000000100000000)
  eden space 30720K, 100% used [0x00000000f5580000,0x00000000f7380000,0x00000000f7380000)
  from space 21504K, 0% used [0x00000000f7380000,0x00000000f7380000,0x00000000f8880000)
  to   space 21504K, 0% used [0x00000000f8880000,0x00000000f8880000,0x00000000f9d80000)
 ParOldGen       total 349696K, used 349695K [0x00000000e0000000, 0x00000000f5580000, 0x00000000f5580000)
  object space 349696K, 99% used [0x00000000e0000000,0x00000000f557fc30,0x00000000f5580000)
 Metaspace       used 59275K, committed 60480K, reserved 1105920K
  class space    used 5865K, committed 6400K, reserved 1048576K
}
Event: 744.612 GC heap after
{Heap after GC invocations=508 (full 425):
 PSYoungGen      total 52224K, used 30720K [0x00000000f5580000, 0x00000000f9f00000, 0x0000000100000000)
  eden space 30720K, 100% used [0x00000000f5580000,0x00000000f7380000,0x00000000f7380000)
  from space 21504K, 0% used [0x00000000f8880000,0x00000000f8880000,0x00000000f9d80000)
  to   space 21504K, 0% used [0x00000000f7380000,0x00000000f7380000,0x00000000f8880000)
 ParOldGen       total 349696K, used 349694K [0x00000000e0000000, 0x00000000f5580000, 0x00000000f5580000)
  object space 349696K, 99% used [0x00000000e0000000,0x00000000f557f868,0x00000000f5580000)
 Metaspace       used 59275K, committed 60480K, reserved 1105920K
  class space    used 5865K, committed 6400K, reserved 1048576K
}
Event: 744.612 GC heap before
{Heap before GC invocations=509 (full 426):
 PSYoungGen      total 52224K, used 30720K [0x00000000f5580000, 0x00000000f9f00000, 0x0000000100000000)
  eden space 30720K, 100% used [0x00000000f5580000,0x00000000f7380000,0x00000000f7380000)
  from space 21504K, 0% used [0x00000000f8880000,0x00000000f8880000,0x00000000f9d80000)
  to   space 21504K, 0% used [0x00000000f7380000,0x00000000f7380000,0x00000000f8880000)
 ParOldGen       total 349696K, used 349695K [0x00000000e0000000, 0x00000000f5580000, 0x00000000f5580000)
  object space 349696K, 99% used [0x00000000e0000000,0x00000000f557fdf8,0x00000000f5580000)
 Metaspace       used 59275K, committed 60480K, reserved 1105920K
  class space    used 5865K, committed 6400K, reserved 1048576K
}
Event: 746.158 GC heap after
{Heap after GC invocations=509 (full 426):
 PSYoungGen      total 52224K, used 30719K [0x00000000f5580000, 0x00000000f9f00000, 0x0000000100000000)
  eden space 30720K, 99% used [0x00000000f5580000,0x00000000f737ffe0,0x00000000f7380000)
  from space 21504K, 0% used [0x00000000f7380000,0x00000000f7380000,0x00000000f8880000)
  to   space 21504K, 0% used [0x00000000f8880000,0x00000000f8880000,0x00000000f9d80000)
 ParOldGen       total 349696K, used 349694K [0x00000000e0000000, 0x00000000f5580000, 0x00000000f5580000)
  object space 349696K, 99% used [0x00000000e0000000,0x00000000f557fa18,0x00000000f5580000)
 Metaspace       used 59275K, committed 60480K, reserved 1105920K
  class space    used 5865K, committed 6400K, reserved 1048576K
}
Event: 746.158 GC heap before
{Heap before GC invocations=510 (full 427):
 PSYoungGen      total 52224K, used 30720K [0x00000000f5580000, 0x00000000f9f00000, 0x0000000100000000)
  eden space 30720K, 100% used [0x00000000f5580000,0x00000000f7380000,0x00000000f7380000)
  from space 21504K, 0% used [0x00000000f7380000,0x00000000f7380000,0x00000000f8880000)
  to   space 21504K, 0% used [0x00000000f8880000,0x00000000f8880000,0x00000000f9d80000)
 ParOldGen       total 349696K, used 349694K [0x00000000e0000000, 0x00000000f5580000, 0x00000000f5580000)
  object space 349696K, 99% used [0x00000000e0000000,0x00000000f557fa18,0x00000000f5580000)
 Metaspace       used 59275K, committed 60480K, reserved 1105920K
  class space    used 5865K, committed 6400K, reserved 1048576K
}
Event: 748.030 GC heap after
{Heap after GC invocations=510 (full 427):
 PSYoungGen      total 52224K, used 30719K [0x00000000f5580000, 0x00000000f9f00000, 0x0000000100000000)
  eden space 30720K, 99% used [0x00000000f5580000,0x00000000f737ffe0,0x00000000f7380000)
  from space 21504K, 0% used [0x00000000f8880000,0x00000000f8880000,0x00000000f9d80000)
  to   space 21504K, 0% used [0x00000000f7380000,0x00000000f7380000,0x00000000f8880000)
 ParOldGen       total 349696K, used 349694K [0x00000000e0000000, 0x00000000f5580000, 0x00000000f5580000)
  object space 349696K, 99% used [0x00000000e0000000,0x00000000f557fa18,0x00000000f5580000)
 Metaspace       used 59275K, committed 60480K, reserved 1105920K
  class space    used 5865K, committed 6400K, reserved 1048576K
}
Event: 748.031 GC heap before
{Heap before GC invocations=511 (full 428):
 PSYoungGen      total 52224K, used 30720K [0x00000000f5580000, 0x00000000f9f00000, 0x0000000100000000)
  eden space 30720K, 100% used [0x00000000f5580000,0x00000000f7380000,0x00000000f7380000)
  from space 21504K, 0% used [0x00000000f8880000,0x00000000f8880000,0x00000000f9d80000)
  to   space 21504K, 0% used [0x00000000f7380000,0x00000000f7380000,0x00000000f8880000)
 ParOldGen       total 349696K, used 349694K [0x00000000e0000000, 0x00000000f5580000, 0x00000000f5580000)
  object space 349696K, 99% used [0x00000000e0000000,0x00000000f557fa18,0x00000000f5580000)
 Metaspace       used 59275K, committed 60480K, reserved 1105920K
  class space    used 5865K, committed 6400K, reserved 1048576K
}
Event: 749.573 GC heap after
{Heap after GC invocations=511 (full 428):
 PSYoungGen      total 52224K, used 30719K [0x00000000f5580000, 0x00000000f9f00000, 0x0000000100000000)
  eden space 30720K, 99% used [0x00000000f5580000,0x00000000f737ffe0,0x00000000f7380000)
  from space 21504K, 0% used [0x00000000f7380000,0x00000000f7380000,0x00000000f8880000)
  to   space 21504K, 0% used [0x00000000f8880000,0x00000000f8880000,0x00000000f9d80000)
 ParOldGen       total 349696K, used 349694K [0x00000000e0000000, 0x00000000f5580000, 0x00000000f5580000)
  object space 349696K, 99% used [0x00000000e0000000,0x00000000f557fa18,0x00000000f5580000)
 Metaspace       used 59275K, committed 60480K, reserved 1105920K
  class space    used 5865K, committed 6400K, reserved 1048576K
}
Event: 749.573 GC heap before
{Heap before GC invocations=512 (full 429):
 PSYoungGen      total 52224K, used 30719K [0x00000000f5580000, 0x00000000f9f00000, 0x0000000100000000)
  eden space 30720K, 99% used [0x00000000f5580000,0x00000000f737fff8,0x00000000f7380000)
  from space 21504K, 0% used [0x00000000f7380000,0x00000000f7380000,0x00000000f8880000)
  to   space 21504K, 0% used [0x00000000f8880000,0x00000000f8880000,0x00000000f9d80000)
 ParOldGen       total 349696K, used 349694K [0x00000000e0000000, 0x00000000f5580000, 0x00000000f5580000)
  object space 349696K, 99% used [0x00000000e0000000,0x00000000f557fa18,0x00000000f5580000)
 Metaspace       used 59275K, committed 60480K, reserved 1105920K
  class space    used 5865K, committed 6400K, reserved 1048576K
}
Event: 751.077 GC heap after
{Heap after GC invocations=512 (full 429):
 PSYoungGen      total 52224K, used 30719K [0x00000000f5580000, 0x00000000f9f00000, 0x0000000100000000)
  eden space 30720K, 99% used [0x00000000f5580000,0x00000000f737fff8,0x00000000f7380000)
  from space 21504K, 0% used [0x00000000f8880000,0x00000000f8880000,0x00000000f9d80000)
  to   space 21504K, 0% used [0x00000000f7380000,0x00000000f7380000,0x00000000f8880000)
 ParOldGen       total 349696K, used 349694K [0x00000000e0000000, 0x00000000f5580000, 0x00000000f5580000)
  object space 349696K, 99% used [0x00000000e0000000,0x00000000f557fa18,0x00000000f5580000)
 Metaspace       used 59275K, committed 60480K, reserved 1105920K
  class space    used 5865K, committed 6400K, reserved 1048576K
}
Event: 751.078 GC heap before
{Heap before GC invocations=513 (full 430):
 PSYoungGen      total 52224K, used 30719K [0x00000000f5580000, 0x00000000f9f00000, 0x0000000100000000)
  eden space 30720K, 99% used [0x00000000f5580000,0x00000000f737fff8,0x00000000f7380000)
  from space 21504K, 0% used [0x00000000f8880000,0x00000000f8880000,0x00000000f9d80000)
  to   space 21504K, 0% used [0x00000000f7380000,0x00000000f7380000,0x00000000f8880000)
 ParOldGen       total 349696K, used 349695K [0x00000000e0000000, 0x00000000f5580000, 0x00000000f5580000)
  object space 349696K, 99% used [0x00000000e0000000,0x00000000f557fec0,0x00000000f5580000)
 Metaspace       used 59275K, committed 60480K, reserved 1105920K
  class space    used 5865K, committed 6400K, reserved 1048576K
}
Event: 752.675 GC heap after
{Heap after GC invocations=513 (full 430):
 PSYoungGen      total 52224K, used 30719K [0x00000000f5580000, 0x00000000f9f00000, 0x0000000100000000)
  eden space 30720K, 99% used [0x00000000f5580000,0x00000000f737ff68,0x00000000f7380000)
  from space 21504K, 0% used [0x00000000f7380000,0x00000000f7380000,0x00000000f8880000)
  to   space 21504K, 0% used [0x00000000f8880000,0x00000000f8880000,0x00000000f9d80000)
 ParOldGen       total 349696K, used 349695K [0x00000000e0000000, 0x00000000f5580000, 0x00000000f5580000)
  object space 349696K, 99% used [0x00000000e0000000,0x00000000f557fdd8,0x00000000f5580000)
 Metaspace       used 59275K, committed 60480K, reserved 1105920K
  class space    used 5865K, committed 6400K, reserved 1048576K
}
Event: 752.676 GC heap before
{Heap before GC invocations=514 (full 431):
 PSYoungGen      total 52224K, used 30719K [0x00000000f5580000, 0x00000000f9f00000, 0x0000000100000000)
  eden space 30720K, 99% used [0x00000000f5580000,0x00000000f737ff68,0x00000000f7380000)
  from space 21504K, 0% used [0x00000000f7380000,0x00000000f7380000,0x00000000f8880000)
  to   space 21504K, 0% used [0x00000000f8880000,0x00000000f8880000,0x00000000f9d80000)
 ParOldGen       total 349696K, used 349695K [0x00000000e0000000, 0x00000000f5580000, 0x00000000f5580000)
  object space 349696K, 99% used [0x00000000e0000000,0x00000000f557fdd8,0x00000000f5580000)
 Metaspace       used 59275K, committed 60480K, reserved 1105920K
  class space    used 5865K, committed 6400K, reserved 1048576K
}
Event: 753.960 GC heap after
{Heap after GC invocations=514 (full 431):
 PSYoungGen      total 52224K, used 30719K [0x00000000f5580000, 0x00000000f9f00000, 0x0000000100000000)
  eden space 30720K, 99% used [0x00000000f5580000,0x00000000f737fe48,0x00000000f7380000)
  from space 21504K, 0% used [0x00000000f8880000,0x00000000f8880000,0x00000000f9d80000)
  to   space 21504K, 0% used [0x00000000f7380000,0x00000000f7380000,0x00000000f8880000)
 ParOldGen       total 349696K, used 349694K [0x00000000e0000000, 0x00000000f5580000, 0x00000000f5580000)
  object space 349696K, 99% used [0x00000000e0000000,0x00000000f557fae0,0x00000000f5580000)
 Metaspace       used 59275K, committed 60480K, reserved 1105920K
  class space    used 5865K, committed 6400K, reserved 1048576K
}
Event: 753.961 GC heap before
{Heap before GC invocations=515 (full 432):
 PSYoungGen      total 52224K, used 30719K [0x00000000f5580000, 0x00000000f9f00000, 0x0000000100000000)
  eden space 30720K, 99% used [0x00000000f5580000,0x00000000f737fe48,0x00000000f7380000)
  from space 21504K, 0% used [0x00000000f8880000,0x00000000f8880000,0x00000000f9d80000)
  to   space 21504K, 0% used [0x00000000f7380000,0x00000000f7380000,0x00000000f8880000)
 ParOldGen       total 349696K, used 349694K [0x00000000e0000000, 0x00000000f5580000, 0x00000000f5580000)
  object space 349696K, 99% used [0x00000000e0000000,0x00000000f557fae0,0x00000000f5580000)
 Metaspace       used 59275K, committed 60480K, reserved 1105920K
  class space    used 5865K, committed 6400K, reserved 1048576K
}
Event: 755.439 GC heap after
{Heap after GC invocations=515 (full 432):
 PSYoungGen      total 52224K, used 30719K [0x00000000f5580000, 0x00000000f9f00000, 0x0000000100000000)
  eden space 30720K, 99% used [0x00000000f5580000,0x00000000f737fe48,0x00000000f7380000)
  from space 21504K, 0% used [0x00000000f7380000,0x00000000f7380000,0x00000000f8880000)
  to   space 21504K, 0% used [0x00000000f8880000,0x00000000f8880000,0x00000000f9d80000)
 ParOldGen       total 349696K, used 349693K [0x00000000e0000000, 0x00000000f5580000, 0x00000000f5580000)
  object space 349696K, 99% used [0x00000000e0000000,0x00000000f557f540,0x00000000f5580000)
 Metaspace       used 59275K, committed 60480K, reserved 1105920K
  class space    used 5865K, committed 6400K, reserved 1048576K
}
Event: 755.440 GC heap before
{Heap before GC invocations=516 (full 433):
 PSYoungGen      total 52224K, used 30719K [0x00000000f5580000, 0x00000000f9f00000, 0x0000000100000000)
  eden space 30720K, 99% used [0x00000000f5580000,0x00000000f737fe48,0x00000000f7380000)
  from space 21504K, 0% used [0x00000000f7380000,0x00000000f7380000,0x00000000f8880000)
  to   space 21504K, 0% used [0x00000000f8880000,0x00000000f8880000,0x00000000f9d80000)
 ParOldGen       total 349696K, used 349693K [0x00000000e0000000, 0x00000000f5580000, 0x00000000f5580000)
  object space 349696K, 99% used [0x00000000e0000000,0x00000000f557f540,0x00000000f5580000)
 Metaspace       used 59275K, committed 60480K, reserved 1105920K
  class space    used 5865K, committed 6400K, reserved 1048576K
}
Event: 756.778 GC heap after
{Heap after GC invocations=516 (full 433):
 PSYoungGen      total 52224K, used 30719K [0x00000000f5580000, 0x00000000f9f00000, 0x0000000100000000)
  eden space 30720K, 99% used [0x00000000f5580000,0x00000000f737fe48,0x00000000f7380000)
  from space 21504K, 0% used [0x00000000f8880000,0x00000000f8880000,0x00000000f9d80000)
  to   space 21504K, 0% used [0x00000000f7380000,0x00000000f7380000,0x00000000f8880000)
 ParOldGen       total 349696K, used 349693K [0x00000000e0000000, 0x00000000f5580000, 0x00000000f5580000)
  object space 349696K, 99% used [0x00000000e0000000,0x00000000f557f540,0x00000000f5580000)
 Metaspace       used 59275K, committed 60480K, reserved 1105920K
  class space    used 5865K, committed 6400K, reserved 1048576K
}

